  [1m[35m (13.9ms)[0m  [1m[35mCREATE TABLE "schema_migrations" ("version" varchar NOT NULL PRIMARY KEY)[0m
  [1m[35m (5.9ms)[0m  [1m[35mCREATE TABLE "ar_internal_metadata" ("key" varchar NOT NULL PRIMARY KEY, "value" varchar, "created_at" datetime(6) NOT NULL, "updated_at" datetime(6) NOT NULL)[0m
  [1m[36mActiveRecord::SchemaMigration Pluck (0.2ms)[0m  [1m[34mSELECT "schema_migrations"."version" FROM "schema_migrations" ORDER BY "schema_migrations"."version" ASC[0m
Migrating to CreateUsers (20230322074151)
  [1m[36mTRANSACTION (0.1ms)[0m  [1m[36mbegin transaction[0m
  [1m[35m (0.4ms)[0m  [1m[35mCREATE TABLE "users" ("id" integer PRIMARY KEY AUTOINCREMENT NOT NULL, "username" varchar NOT NULL, "email" varchar NOT NULL, "password_digest" varchar NOT NULL, "created_at" datetime(6) NOT NULL, "updated_at" datetime(6) NOT NULL)[0m
  [1m[36mActiveRecord::SchemaMigration Create (0.2ms)[0m  [1m[32mINSERT INTO "schema_migrations" ("version") VALUES (?)[0m  [["version", "20230322074151"]]
  [1m[36mTRANSACTION (5.5ms)[0m  [1m[36mcommit transaction[0m
  [1m[36mActiveRecord::InternalMetadata Load (0.3ms)[0m  [1m[34mSELECT "ar_internal_metadata".* FROM "ar_internal_metadata" WHERE "ar_internal_metadata"."key" = ? LIMIT ?[0m  [["key", "environment"], ["LIMIT", 1]]
  [1m[36mTRANSACTION (0.1ms)[0m  [1m[36mbegin transaction[0m
  [1m[36mActiveRecord::InternalMetadata Create (0.3ms)[0m  [1m[32mINSERT INTO "ar_internal_metadata" ("key", "value", "created_at", "updated_at") VALUES (?, ?, ?, ?)[0m  [["key", "environment"], ["value", "development"], ["created_at", "2023-03-22 07:52:25.899634"], ["updated_at", "2023-03-22 07:52:25.899634"]]
  [1m[36mTRANSACTION (3.6ms)[0m  [1m[36mcommit transaction[0m
  [1m[36mActiveRecord::SchemaMigration Pluck (0.1ms)[0m  [1m[34mSELECT "schema_migrations"."version" FROM "schema_migrations" ORDER BY "schema_migrations"."version" ASC[0m
Started POST "/" for 127.0.0.1 at 2023-03-22 11:22:13 +0300
  [1m[36mActiveRecord::SchemaMigration Pluck (0.1ms)[0m  [1m[34mSELECT "schema_migrations"."version" FROM "schema_migrations" ORDER BY "schema_migrations"."version" ASC[0m
  
ActionController::RoutingError (No route matches [POST] "/"):
  
Started POST "/" for 127.0.0.1 at 2023-03-22 11:22:48 +0300
  
ActionController::RoutingError (No route matches [POST] "/"):
  
Started POST "/" for 127.0.0.1 at 2023-03-22 11:22:51 +0300
  
ActionController::RoutingError (No route matches [POST] "/"):
  
Started POST "/users" for 127.0.0.1 at 2023-03-22 11:30:07 +0300
  
ActionController::RoutingError (uninitialized constant UserController
Did you mean?  UsersController):
  
Started POST "/users" for 127.0.0.1 at 2023-03-22 11:31:41 +0300
  
ActionController::RoutingError (uninitialized constant UserController
Did you mean?  UsersController):
  
Started POST "/users" for 127.0.0.1 at 2023-03-22 11:34:01 +0300
  
SyntaxError (/home/sundus/task-train/api/app/controllers/users_controller.rb:7: syntax error, unexpected local variable or method, expecting =>
...   status: :created, :data user)
...                           ^~~~
):
  
app/controllers/users_controller.rb:7: syntax error, unexpected local variable or method, expecting =>
app/controllers/users_controller.rb:7: syntax error, unexpected local variable or method, expecting =>
Started POST "/users" for 127.0.0.1 at 2023-03-22 11:35:10 +0300
  
SyntaxError (/home/sundus/task-train/api/app/controllers/application_controller.rb:3: syntax error, unexpected ':', expecting `end'
        render:json: {
                   ^
/home/sundus/task-train/api/app/controllers/application_controller.rb:6: syntax error, unexpected ',', expecting `end'
        }, status: status
         ^
):
  
app/controllers/application_controller.rb:3: syntax error, unexpected ':', expecting `end'
app/controllers/application_controller.rb:6: syntax error, unexpected ',', expecting `end'
app/controllers/application_controller.rb:3: syntax error, unexpected ':', expecting `end'
app/controllers/application_controller.rb:6: syntax error, unexpected ',', expecting `end'
app/controllers/users_controller.rb:1:in `<main>'
Started POST "/users" for 127.0.0.1 at 2023-03-22 11:35:50 +0300
Processing by UsersController#register as */*
  Parameters: {"username"=>"sundus", "email"=>"sundus@gmail.com", "password"=>"[FILTERED]", "user"=>{"username"=>"sundus", "email"=>"sundus@gmail.com"}}
[31mUnpermitted parameter: :user. Context: { controller: UsersController, action: register, request: #<ActionDispatch::Request:0x00007f7c4c14fcd8>, params: {"username"=>"sundus", "email"=>"sundus@gmail.com", "password"=>"[FILTERED]", "controller"=>"users", "action"=>"register", "user"=>{"username"=>"sundus", "email"=>"sundus@gmail.com"}} }[0m
Completed 500 Internal Server Error in 61ms (ActiveRecord: 1.1ms | Allocations: 38099)


  
ActiveModel::UnknownAttributeError (unknown attribute 'password' for User.):
  
app/controllers/users_controller.rb:3:in `register'
Started POST "/users" for 127.0.0.1 at 2023-03-22 11:40:12 +0300
Processing by UsersController#register as */*
  Parameters: {"username"=>"sundus", "email"=>"sundus@gmail.com", "password"=>"[FILTERED]", "user"=>{"username"=>"sundus", "email"=>"sundus@gmail.com"}}
[31mUnpermitted parameter: :user. Context: { controller: UsersController, action: register, request: #<ActionDispatch::Request:0x00007f7c540f7350>, params: {"username"=>"sundus", "email"=>"sundus@gmail.com", "password"=>"[FILTERED]", "controller"=>"users", "action"=>"register", "user"=>{"username"=>"sundus", "email"=>"sundus@gmail.com"}} }[0m
Completed 500 Internal Server Error in 5ms (ActiveRecord: 1.3ms | Allocations: 1915)


  
ActiveModel::UnknownAttributeError (unknown attribute 'password' for User.):
  
app/controllers/users_controller.rb:4:in `register'
Started POST "/users" for 127.0.0.1 at 2023-03-22 11:43:08 +0300
  [1m[36mActiveRecord::SchemaMigration Pluck (0.3ms)[0m  [1m[34mSELECT "schema_migrations"."version" FROM "schema_migrations" ORDER BY "schema_migrations"."version" ASC[0m
Processing by UsersController#register as */*
  Parameters: {"username"=>"sundus", "email"=>"sundus@gmail.com", "password"=>"[FILTERED]", "user"=>{"username"=>"sundus", "email"=>"sundus@gmail.com"}}
[31mUnpermitted parameter: :user. Context: { controller: UsersController, action: register, request: #<ActionDispatch::Request:0x00007fa9989e05e0>, params: {"username"=>"sundus", "email"=>"sundus@gmail.com", "password"=>"[FILTERED]", "controller"=>"users", "action"=>"register", "user"=>{"username"=>"sundus", "email"=>"sundus@gmail.com"}} }[0m
Completed 500 Internal Server Error in 55ms (ActiveRecord: 0.7ms | Allocations: 36855)


  
ActiveModel::UnknownAttributeError (unknown attribute 'password' for User.):
  
app/controllers/users_controller.rb:4:in `register'
Started POST "/users" for 127.0.0.1 at 2023-03-22 11:43:29 +0300
  [1m[36mActiveRecord::SchemaMigration Pluck (0.5ms)[0m  [1m[34mSELECT "schema_migrations"."version" FROM "schema_migrations" ORDER BY "schema_migrations"."version" ASC[0m
Processing by UsersController#register as */*
  Parameters: {"username"=>"sundus", "email"=>"sundus@gmail.com", "password"=>"[FILTERED]", "user"=>{"username"=>"sundus", "email"=>"sundus@gmail.com"}}
[31mUnpermitted parameter: :user. Context: { controller: UsersController, action: register, request: #<ActionDispatch::Request:0x00007fbd9c8a0ac8>, params: {"username"=>"sundus", "email"=>"sundus@gmail.com", "password"=>"[FILTERED]", "controller"=>"users", "action"=>"register", "user"=>{"username"=>"sundus", "email"=>"sundus@gmail.com"}} }[0m
Completed 500 Internal Server Error in 49ms (ActiveRecord: 0.7ms | Allocations: 36854)


  
ActiveModel::UnknownAttributeError (unknown attribute 'password' for User.):
  
app/controllers/users_controller.rb:4:in `register'
Started POST "/users" for 127.0.0.1 at 2023-03-22 11:44:51 +0300
Processing by UsersController#register as */*
  Parameters: {"username"=>"sundus", "email"=>"sundus@gmail.com", "password"=>"[FILTERED]", "user"=>{"username"=>"sundus", "email"=>"sundus@gmail.com"}}
[31mUnpermitted parameter: :user. Context: { controller: UsersController, action: register, request: #<ActionDispatch::Request:0x00007fbd941100b8>, params: {"username"=>"sundus", "email"=>"sundus@gmail.com", "password"=>"[FILTERED]", "controller"=>"users", "action"=>"register", "user"=>{"username"=>"sundus", "email"=>"sundus@gmail.com"}} }[0m
  [1m[36mTRANSACTION (0.1ms)[0m  [1m[36mbegin transaction[0m
  ↳ app/controllers/users_controller.rb:4:in `register'
  [1m[36mUser Exists? (0.2ms)[0m  [1m[34mSELECT 1 AS one FROM "users" WHERE "users"."username" = ? LIMIT ?[0m  [["username", "sundus"], ["LIMIT", 1]]
  ↳ app/controllers/users_controller.rb:4:in `register'
  [1m[36mUser Exists? (0.2ms)[0m  [1m[34mSELECT 1 AS one FROM "users" WHERE "users"."email" = ? LIMIT ?[0m  [["email", "sundus@gmail.com"], ["LIMIT", 1]]
  ↳ app/controllers/users_controller.rb:4:in `register'
  [1m[36mUser Create (0.5ms)[0m  [1m[32mINSERT INTO "users" ("username", "email", "password_digest", "created_at", "updated_at") VALUES (?, ?, ?, ?, ?)[0m  [["username", "sundus"], ["email", "sundus@gmail.com"], ["password_digest", "[FILTERED]"], ["created_at", "2023-03-22 08:44:52.243416"], ["updated_at", "2023-03-22 08:44:52.243416"]]
  ↳ app/controllers/users_controller.rb:4:in `register'
  [1m[36mTRANSACTION (11.0ms)[0m  [1m[36mcommit transaction[0m
  ↳ app/controllers/users_controller.rb:4:in `register'
  [1m[36mUser Exists? (0.3ms)[0m  [1m[34mSELECT 1 AS one FROM "users" WHERE "users"."username" = ? AND "users"."id" != ? LIMIT ?[0m  [["username", "sundus"], ["id", 1], ["LIMIT", 1]]
  ↳ app/controllers/users_controller.rb:6:in `register'
  [1m[36mUser Exists? (0.2ms)[0m  [1m[34mSELECT 1 AS one FROM "users" WHERE "users"."email" = ? AND "users"."id" != ? LIMIT ?[0m  [["email", "sundus@gmail.com"], ["id", 1], ["LIMIT", 1]]
  ↳ app/controllers/users_controller.rb:6:in `register'
Completed 201 Created in 350ms (Views: 0.7ms | ActiveRecord: 13.8ms | Allocations: 8500)


Started POST "/users" for 127.0.0.1 at 2023-03-22 11:45:14 +0300
Processing by UsersController#register as */*
  Parameters: {"username"=>"sundus", "email"=>"sundus@gmail.com", "password"=>"[FILTERED]", "user"=>{"username"=>"sundus", "email"=>"sundus@gmail.com"}}
[31mUnpermitted parameter: :user. Context: { controller: UsersController, action: register, request: #<ActionDispatch::Request:0x00007fbda8017bc0>, params: {"username"=>"sundus", "email"=>"sundus@gmail.com", "password"=>"[FILTERED]", "controller"=>"users", "action"=>"register", "user"=>{"username"=>"sundus", "email"=>"sundus@gmail.com"}} }[0m
  [1m[36mTRANSACTION (0.1ms)[0m  [1m[36mbegin transaction[0m
  ↳ app/controllers/users_controller.rb:4:in `register'
  [1m[36mUser Exists? (0.3ms)[0m  [1m[34mSELECT 1 AS one FROM "users" WHERE "users"."username" = ? LIMIT ?[0m  [["username", "sundus"], ["LIMIT", 1]]
  ↳ app/controllers/users_controller.rb:4:in `register'
  [1m[36mUser Exists? (0.3ms)[0m  [1m[34mSELECT 1 AS one FROM "users" WHERE "users"."email" = ? LIMIT ?[0m  [["email", "sundus@gmail.com"], ["LIMIT", 1]]
  ↳ app/controllers/users_controller.rb:4:in `register'
  [1m[36mTRANSACTION (0.1ms)[0m  [1m[31mrollback transaction[0m
  ↳ app/controllers/users_controller.rb:4:in `register'
  [1m[36mUser Exists? (0.3ms)[0m  [1m[34mSELECT 1 AS one FROM "users" WHERE "users"."username" = ? LIMIT ?[0m  [["username", "sundus"], ["LIMIT", 1]]
  ↳ app/controllers/users_controller.rb:6:in `register'
  [1m[36mUser Exists? (0.3ms)[0m  [1m[34mSELECT 1 AS one FROM "users" WHERE "users"."email" = ? LIMIT ?[0m  [["email", "sundus@gmail.com"], ["LIMIT", 1]]
  ↳ app/controllers/users_controller.rb:6:in `register'
Completed 422 Unprocessable Entity in 358ms (Views: 20.2ms | ActiveRecord: 1.4ms | Allocations: 7521)


Started POST "/users" for 127.0.0.1 at 2023-03-22 11:45:24 +0300
Processing by UsersController#register as */*
  Parameters: {"username"=>"sun", "email"=>"sundus@gmail.com", "password"=>"[FILTERED]", "user"=>{"username"=>"sun", "email"=>"sundus@gmail.com"}}
[31mUnpermitted parameter: :user. Context: { controller: UsersController, action: register, request: #<ActionDispatch::Request:0x00007fbda000ec80>, params: {"username"=>"sun", "email"=>"sundus@gmail.com", "password"=>"[FILTERED]", "controller"=>"users", "action"=>"register", "user"=>{"username"=>"sun", "email"=>"sundus@gmail.com"}} }[0m
  [1m[36mTRANSACTION (0.1ms)[0m  [1m[36mbegin transaction[0m
  ↳ app/controllers/users_controller.rb:4:in `register'
  [1m[36mUser Exists? (0.2ms)[0m  [1m[34mSELECT 1 AS one FROM "users" WHERE "users"."username" = ? LIMIT ?[0m  [["username", "sun"], ["LIMIT", 1]]
  ↳ app/controllers/users_controller.rb:4:in `register'
  [1m[36mUser Exists? (0.2ms)[0m  [1m[34mSELECT 1 AS one FROM "users" WHERE "users"."email" = ? LIMIT ?[0m  [["email", "sundus@gmail.com"], ["LIMIT", 1]]
  ↳ app/controllers/users_controller.rb:4:in `register'
  [1m[36mTRANSACTION (0.1ms)[0m  [1m[31mrollback transaction[0m
  ↳ app/controllers/users_controller.rb:4:in `register'
  [1m[36mUser Exists? (0.3ms)[0m  [1m[34mSELECT 1 AS one FROM "users" WHERE "users"."username" = ? LIMIT ?[0m  [["username", "sun"], ["LIMIT", 1]]
  ↳ app/controllers/users_controller.rb:6:in `register'
  [1m[36mUser Exists? (0.3ms)[0m  [1m[34mSELECT 1 AS one FROM "users" WHERE "users"."email" = ? LIMIT ?[0m  [["email", "sundus@gmail.com"], ["LIMIT", 1]]
  ↳ app/controllers/users_controller.rb:6:in `register'
Completed 422 Unprocessable Entity in 338ms (Views: 2.2ms | ActiveRecord: 1.3ms | Allocations: 4588)


Started GET "/" for 127.0.0.1 at 2023-03-22 12:47:29 +0300
  [1m[36mActiveRecord::SchemaMigration Pluck (0.3ms)[0m  [1m[34mSELECT "schema_migrations"."version" FROM "schema_migrations" ORDER BY "schema_migrations"."version" ASC[0m
Processing by Rails::WelcomeController#index as HTML
  Rendering /var/lib/gems/3.0.0/gems/railties-7.0.4.3/lib/rails/templates/rails/welcome/index.html.erb
  Rendered /var/lib/gems/3.0.0/gems/railties-7.0.4.3/lib/rails/templates/rails/welcome/index.html.erb (Duration: 3.4ms | Allocations: 931)
Completed 200 OK in 34ms (Views: 11.5ms | ActiveRecord: 0.0ms | Allocations: 7830)


